[2025-04-15T03:51:45.117+0000] {processor.py:161} INFO - Started process (PID=84) to work on /home/airflow/.local/lib/python3.8/site-packages/airflow/example_dags/example_datasets.py
[2025-04-15T03:51:45.118+0000] {processor.py:830} INFO - Processing file /home/airflow/.local/lib/python3.8/site-packages/airflow/example_dags/example_datasets.py for tasks to queue
[2025-04-15T03:51:45.119+0000] {logging_mixin.py:188} INFO - [2025-04-15T03:51:45.119+0000] {dagbag.py:538} INFO - Filling up the DagBag from /home/airflow/.local/lib/python3.8/site-packages/airflow/example_dags/example_datasets.py
[2025-04-15T03:51:45.132+0000] {processor.py:840} INFO - DAG(s) 'dataset_consumes_1_never_scheduled', 'dataset_consumes_1_and_2', 'dataset_produces_2', 'dataset_produces_1', 'dataset_consumes_unknown_never_scheduled', 'dataset_consumes_1' retrieved from /home/airflow/.local/lib/python3.8/site-packages/airflow/example_dags/example_datasets.py
[2025-04-15T03:51:45.146+0000] {logging_mixin.py:188} INFO - [2025-04-15T03:51:45.146+0000] {dag.py:3036} INFO - Sync 6 DAGs
[2025-04-15T03:51:45.167+0000] {logging_mixin.py:188} INFO - [2025-04-15T03:51:45.166+0000] {dag.py:3823} INFO - Setting next_dagrun for dataset_consumes_1 to None, run_after=None
[2025-04-15T03:51:45.170+0000] {logging_mixin.py:188} INFO - [2025-04-15T03:51:45.170+0000] {dag.py:3823} INFO - Setting next_dagrun for dataset_consumes_1_and_2 to None, run_after=None
[2025-04-15T03:51:45.171+0000] {logging_mixin.py:188} INFO - [2025-04-15T03:51:45.171+0000] {dag.py:3823} INFO - Setting next_dagrun for dataset_consumes_1_never_scheduled to None, run_after=None
[2025-04-15T03:51:45.172+0000] {logging_mixin.py:188} INFO - [2025-04-15T03:51:45.172+0000] {dag.py:3823} INFO - Setting next_dagrun for dataset_consumes_unknown_never_scheduled to None, run_after=None
[2025-04-15T03:51:45.174+0000] {logging_mixin.py:188} INFO - [2025-04-15T03:51:45.174+0000] {dag.py:3823} INFO - Setting next_dagrun for dataset_produces_1 to 2025-04-14 00:00:00+00:00, run_after=2025-04-15 00:00:00+00:00
[2025-04-15T03:51:45.175+0000] {logging_mixin.py:188} INFO - [2025-04-15T03:51:45.175+0000] {dag.py:3823} INFO - Setting next_dagrun for dataset_produces_2 to None, run_after=None
[2025-04-15T03:51:45.202+0000] {processor.py:183} INFO - Processing /home/airflow/.local/lib/python3.8/site-packages/airflow/example_dags/example_datasets.py took 0.086 seconds
[2025-04-15T03:52:15.872+0000] {processor.py:161} INFO - Started process (PID=139) to work on /home/airflow/.local/lib/python3.8/site-packages/airflow/example_dags/example_datasets.py
[2025-04-15T03:52:15.873+0000] {processor.py:830} INFO - Processing file /home/airflow/.local/lib/python3.8/site-packages/airflow/example_dags/example_datasets.py for tasks to queue
[2025-04-15T03:52:15.874+0000] {logging_mixin.py:188} INFO - [2025-04-15T03:52:15.874+0000] {dagbag.py:538} INFO - Filling up the DagBag from /home/airflow/.local/lib/python3.8/site-packages/airflow/example_dags/example_datasets.py
[2025-04-15T03:52:15.879+0000] {processor.py:840} INFO - DAG(s) 'dataset_produces_1', 'dataset_consumes_1_never_scheduled', 'dataset_produces_2', 'dataset_consumes_unknown_never_scheduled', 'dataset_consumes_1', 'dataset_consumes_1_and_2' retrieved from /home/airflow/.local/lib/python3.8/site-packages/airflow/example_dags/example_datasets.py
[2025-04-15T03:52:15.970+0000] {logging_mixin.py:188} INFO - [2025-04-15T03:52:15.970+0000] {dag.py:3036} INFO - Sync 6 DAGs
[2025-04-15T03:52:15.982+0000] {logging_mixin.py:188} INFO - [2025-04-15T03:52:15.982+0000] {dag.py:3823} INFO - Setting next_dagrun for dataset_consumes_1 to None, run_after=None
[2025-04-15T03:52:15.984+0000] {logging_mixin.py:188} INFO - [2025-04-15T03:52:15.984+0000] {dag.py:3823} INFO - Setting next_dagrun for dataset_consumes_1_and_2 to None, run_after=None
[2025-04-15T03:52:15.985+0000] {logging_mixin.py:188} INFO - [2025-04-15T03:52:15.985+0000] {dag.py:3823} INFO - Setting next_dagrun for dataset_consumes_1_never_scheduled to None, run_after=None
[2025-04-15T03:52:15.986+0000] {logging_mixin.py:188} INFO - [2025-04-15T03:52:15.986+0000] {dag.py:3823} INFO - Setting next_dagrun for dataset_consumes_unknown_never_scheduled to None, run_after=None
[2025-04-15T03:52:15.988+0000] {logging_mixin.py:188} INFO - [2025-04-15T03:52:15.988+0000] {dag.py:3823} INFO - Setting next_dagrun for dataset_produces_1 to 2025-04-14 00:00:00+00:00, run_after=2025-04-15 00:00:00+00:00
[2025-04-15T03:52:15.989+0000] {logging_mixin.py:188} INFO - [2025-04-15T03:52:15.989+0000] {dag.py:3823} INFO - Setting next_dagrun for dataset_produces_2 to None, run_after=None
[2025-04-15T03:52:16.009+0000] {processor.py:183} INFO - Processing /home/airflow/.local/lib/python3.8/site-packages/airflow/example_dags/example_datasets.py took 0.140 seconds
