[2025-04-15T03:51:44.631+0000] {processor.py:161} INFO - Started process (PID=74) to work on /home/airflow/.local/lib/python3.8/site-packages/airflow/example_dags/example_subdag_operator.py
[2025-04-15T03:51:44.632+0000] {processor.py:830} INFO - Processing file /home/airflow/.local/lib/python3.8/site-packages/airflow/example_dags/example_subdag_operator.py for tasks to queue
[2025-04-15T03:51:44.635+0000] {logging_mixin.py:188} INFO - [2025-04-15T03:51:44.635+0000] {dagbag.py:538} INFO - Filling up the DagBag from /home/airflow/.local/lib/python3.8/site-packages/airflow/example_dags/example_subdag_operator.py
[2025-04-15T03:51:44.654+0000] {processor.py:840} INFO - DAG(s) 'example_subdag_operator.section-1', 'example_subdag_operator.section-2', 'example_subdag_operator' retrieved from /home/airflow/.local/lib/python3.8/site-packages/airflow/example_dags/example_subdag_operator.py
[2025-04-15T03:51:44.656+0000] {logging_mixin.py:188} INFO - [2025-04-15T03:51:44.656+0000] {dag.py:3036} INFO - Sync 3 DAGs
[2025-04-15T03:51:44.672+0000] {logging_mixin.py:188} INFO - [2025-04-15T03:51:44.672+0000] {dag.py:3823} INFO - Setting next_dagrun for example_subdag_operator to 2022-01-01 00:00:00+00:00, run_after=2022-01-01 00:00:00+00:00
[2025-04-15T03:51:44.674+0000] {logging_mixin.py:188} INFO - [2025-04-15T03:51:44.674+0000] {dag.py:3823} INFO - Setting next_dagrun for example_subdag_operator.section-1 to None, run_after=None
[2025-04-15T03:51:44.675+0000] {logging_mixin.py:188} INFO - [2025-04-15T03:51:44.675+0000] {dag.py:3823} INFO - Setting next_dagrun for example_subdag_operator.section-2 to None, run_after=None
[2025-04-15T03:51:44.680+0000] {logging_mixin.py:188} INFO - [2025-04-15T03:51:44.680+0000] {dag.py:3036} INFO - Sync 2 DAGs
[2025-04-15T03:51:44.684+0000] {logging_mixin.py:188} INFO - [2025-04-15T03:51:44.684+0000] {dag.py:3823} INFO - Setting next_dagrun for example_subdag_operator.section-1 to None, run_after=None
[2025-04-15T03:51:44.684+0000] {logging_mixin.py:188} INFO - [2025-04-15T03:51:44.684+0000] {dag.py:3823} INFO - Setting next_dagrun for example_subdag_operator.section-2 to None, run_after=None
[2025-04-15T03:51:44.692+0000] {processor.py:183} INFO - Processing /home/airflow/.local/lib/python3.8/site-packages/airflow/example_dags/example_subdag_operator.py took 0.066 seconds
[2025-04-15T03:52:15.245+0000] {processor.py:161} INFO - Started process (PID=129) to work on /home/airflow/.local/lib/python3.8/site-packages/airflow/example_dags/example_subdag_operator.py
[2025-04-15T03:52:15.246+0000] {processor.py:830} INFO - Processing file /home/airflow/.local/lib/python3.8/site-packages/airflow/example_dags/example_subdag_operator.py for tasks to queue
[2025-04-15T03:52:15.247+0000] {logging_mixin.py:188} INFO - [2025-04-15T03:52:15.247+0000] {dagbag.py:538} INFO - Filling up the DagBag from /home/airflow/.local/lib/python3.8/site-packages/airflow/example_dags/example_subdag_operator.py
[2025-04-15T03:52:15.262+0000] {processor.py:840} INFO - DAG(s) 'example_subdag_operator.section-1', 'example_subdag_operator.section-2', 'example_subdag_operator' retrieved from /home/airflow/.local/lib/python3.8/site-packages/airflow/example_dags/example_subdag_operator.py
[2025-04-15T03:52:15.320+0000] {logging_mixin.py:188} INFO - [2025-04-15T03:52:15.319+0000] {dag.py:3036} INFO - Sync 3 DAGs
[2025-04-15T03:52:15.332+0000] {logging_mixin.py:188} INFO - [2025-04-15T03:52:15.331+0000] {dag.py:3823} INFO - Setting next_dagrun for example_subdag_operator to 2022-01-01 00:00:00+00:00, run_after=2022-01-01 00:00:00+00:00
[2025-04-15T03:52:15.334+0000] {logging_mixin.py:188} INFO - [2025-04-15T03:52:15.333+0000] {dag.py:3823} INFO - Setting next_dagrun for example_subdag_operator.section-1 to None, run_after=None
[2025-04-15T03:52:15.334+0000] {logging_mixin.py:188} INFO - [2025-04-15T03:52:15.334+0000] {dag.py:3823} INFO - Setting next_dagrun for example_subdag_operator.section-2 to None, run_after=None
[2025-04-15T03:52:15.340+0000] {logging_mixin.py:188} INFO - [2025-04-15T03:52:15.340+0000] {dag.py:3036} INFO - Sync 2 DAGs
[2025-04-15T03:52:15.343+0000] {logging_mixin.py:188} INFO - [2025-04-15T03:52:15.342+0000] {dag.py:3823} INFO - Setting next_dagrun for example_subdag_operator.section-1 to None, run_after=None
[2025-04-15T03:52:15.343+0000] {logging_mixin.py:188} INFO - [2025-04-15T03:52:15.343+0000] {dag.py:3823} INFO - Setting next_dagrun for example_subdag_operator.section-2 to None, run_after=None
[2025-04-15T03:52:15.350+0000] {processor.py:183} INFO - Processing /home/airflow/.local/lib/python3.8/site-packages/airflow/example_dags/example_subdag_operator.py took 0.107 seconds
